<?xml version="1.0" encoding="UTF-8"?>
<!-- Generated by org.testng.reporters.JUnitReportReporter -->
<testsuite hostname="DESKTOP-M3CHQ9U" failures="0" tests="1" name="maven.ClickOnReelsTest" time="16.311" errors="0" timestamp="2023-04-24T17:59:35 IST" skipped="0">
  <testcase classname="maven.ClickOnReelsTest" name="Reels" time="16.311"/>
  <system-out>
    <![CDATA[Click on Reels Successfully..!!!]]>
  </system-out>
</testsuite> <!-- maven.ClickOnReelsTest -->
