<?xml version="1.0" encoding="UTF-8"?>
<!-- Generated by org.testng.reporters.JUnitReportReporter -->
<testsuite hostname="DESKTOP-M3CHQ9U" failures="0" tests="1" name="maven.ClickOnFriendsTest" time="16.706" errors="0" timestamp="2023-04-24T17:59:35 IST" skipped="0">
  <testcase classname="maven.ClickOnFriendsTest" name="Friends" time="16.706"/>
  <system-out>
    <![CDATA[Click on Friends Successfully..!!!]]>
  </system-out>
</testsuite> <!-- maven.ClickOnFriendsTest -->
